  gApp.cpp
  gMain.cpp
  Running Code Analysis for C/C++...
  Generating Code...
  GTerm Music Player.vcxproj -> D:\gihub\GTerm-Music-Player\x64\Debug\GTerm Music Player.exe
E:\CPP Programs\wxwin\include\wx\buffer.h(38): warning C26812: The enum type 'wxPrivate::UntypedBufferData::Kind' is unscoped. Prefer 'enum class' over 'enum' (Enum.3).
E:\CPP Programs\wxwin\include\wx\strconv.h(291): warning C26812: The enum type 'wxMBConvUTF7::StateMode::Mode' is unscoped. Prefer 'enum class' over 'enum' (Enum.3).
E:\CPP Programs\wxwin\include\wx\unichar.h(350): warning C26439: This kind of function may not throw. Declare it 'noexcept' (f.6).
E:\CPP Programs\wxwin\include\wx\strvararg.h(556): warning C26812: The enum type 'wxFormatString::ArgumentType' is unscoped. Prefer 'enum class' over 'enum' (Enum.3).
E:\CPP Programs\wxwin\include\wx\string.h(2369): warning C26812: The enum type 'wxString::caseCompare' is unscoped. Prefer 'enum class' over 'enum' (Enum.3).
E:\CPP Programs\wxwin\include\wx\msgout.h(122): warning C26812: The enum type 'wxMessageOutputFlags' is unscoped. Prefer 'enum class' over 'enum' (Enum.3).
E:\CPP Programs\wxwin\include\wx\list.h(335): warning C26812: The enum type 'wxKeyType' is unscoped. Prefer 'enum class' over 'enum' (Enum.3).
E:\CPP Programs\wxwin\include\wx\list.h(1163): warning C6011: Dereferencing NULL pointer 'm_node'. 
E:\CPP Programs\wxwin\include\wx\list.h(1212): warning C6011: Dereferencing NULL pointer 'm_node'. 
E:\CPP Programs\wxwin\include\wx\arrstr.h(494): warning C26812: The enum type 'wxArrayStringsAdapter::wxStringContainerType' is unscoped. Prefer 'enum class' over 'enum' (Enum.3).
E:\CPP Programs\wxwin\include\wx\thread.h(588): warning C26812: The enum type 'wxThreadKind' is unscoped. Prefer 'enum class' over 'enum' (Enum.3).
E:\CPP Programs\wxwin\include\wx\thread.h(724): warning C26812: The enum type 'wxThreadError' is unscoped. Prefer 'enum class' over 'enum' (Enum.3).
E:\CPP Programs\wxwin\include\wx\gdicmn.h(713): warning C6011: Dereferencing NULL pointer 'm_node'. 
E:\CPP Programs\wxwin\include\wx\msw\gdiimage.h(26): warning C6011: Dereferencing NULL pointer 'm_node'. 
E:\CPP Programs\wxwin\include\wx\msw\gdiimage.h(161): warning C26812: The enum type 'wxBitmapType' is unscoped. Prefer 'enum class' over 'enum' (Enum.3).
E:\CPP Programs\wxwin\include\wx\msw\cursor.h(26): warning C26812: The enum type 'wxStockCursor' is unscoped. Prefer 'enum class' over 'enum' (Enum.3).
E:\CPP Programs\wxwin\include\wx\mousestate.h(77): warning C26812: The enum type 'wxMouseButton' is unscoped. Prefer 'enum class' over 'enum' (Enum.3).
E:\CPP Programs\wxwin\include\wx\platinfo.h(218): warning C26812: The enum type 'wxOperatingSystemId' is unscoped. Prefer 'enum class' over 'enum' (Enum.3).
E:\CPP Programs\wxwin\include\wx\platinfo.h(222): warning C26812: The enum type 'wxPortId' is unscoped. Prefer 'enum class' over 'enum' (Enum.3).
E:\CPP Programs\wxwin\include\wx\platinfo.h(224): warning C26812: The enum type 'wxArchitecture' is unscoped. Prefer 'enum class' over 'enum' (Enum.3).
E:\CPP Programs\wxwin\include\wx\platinfo.h(226): warning C26812: The enum type 'wxEndianness' is unscoped. Prefer 'enum class' over 'enum' (Enum.3).
E:\CPP Programs\wxwin\include\wx\datetime.h(348): warning C26812: The enum type 'wxDateTime::WeekDay' is unscoped. Prefer 'enum class' over 'enum' (Enum.3).
E:\CPP Programs\wxwin\include\wx\datetime.h(742): warning C26812: The enum type 'wxDateTime::Month' is unscoped. Prefer 'enum class' over 'enum' (Enum.3).
E:\CPP Programs\wxwin\include\wx\datetime.h(1740): warning C26812: The enum type 'wxDateTime::WeekFlags' is unscoped. Prefer 'enum class' over 'enum' (Enum.3).
E:\CPP Programs\wxwin\include\wx\variant.h(101): warning C6011: Dereferencing NULL pointer 'm_node'. 
E:\CPP Programs\wxwin\include\wx\any.h(1136): warning C6011: Dereferencing NULL pointer 'm_node'. 
E:\CPP Programs\wxwin\include\wx\event.h(998): warning C26812: The enum type 'wxEventCategory' is unscoped. Prefer 'enum class' over 'enum' (Enum.3).
E:\CPP Programs\wxwin\include\wx\event.h(1305): warning C26812: The enum type 'wxIdleMode' is unscoped. Prefer 'enum class' over 'enum' (Enum.3).
E:\CPP Programs\wxwin\include\wx\event.h(1847): warning C26812: The enum type 'wxMouseWheelAxis' is unscoped. Prefer 'enum class' over 'enum' (Enum.3).
E:\CPP Programs\wxwin\include\wx\event.h(2500): warning C26812: The enum type 'wxActivateEvent::Reason' is unscoped. Prefer 'enum class' over 'enum' (Enum.3).
E:\CPP Programs\wxwin\include\wx\event.h(2939): warning C26812: The enum type 'wxUpdateUIMode' is unscoped. Prefer 'enum class' over 'enum' (Enum.3).
E:\CPP Programs\wxwin\include\wx\event.h(3256): warning C26812: The enum type 'wxHelpEvent::Origin' is unscoped. Prefer 'enum class' over 'enum' (Enum.3).
E:\CPP Programs\wxwin\include\wx\app.h(631): warning C26812: The enum type 'wxAppBase::<unnamed-type-m_exitOnFrameDelete>' is unscoped. Prefer 'enum class' over 'enum' (Enum.3).
E:\CPP Programs\wxwin\include\wx\stream.h(61): warning C26812: The enum type 'wxStreamError' is unscoped. Prefer 'enum class' over 'enum' (Enum.3).
E:\CPP Programs\wxwin\include\wx\stream.h(435): warning C26812: The enum type 'wxStreamBuffer::BufMode' is unscoped. Prefer 'enum class' over 'enum' (Enum.3).
E:\CPP Programs\wxwin\include\wx\module.h(21): warning C6011: Dereferencing NULL pointer 'm_node'. 
E:\CPP Programs\wxwin\include\wx\module.h(34): warning C26495: Variable 'wxModule::m_state' is uninitialized. Always initialize a member variable (type.6).
E:\CPP Programs\wxwin\include\wx\font.h(159): warning C26812: The enum type 'wxFontFamily' is unscoped. Prefer 'enum class' over 'enum' (Enum.3).
E:\CPP Programs\wxwin\include\wx\font.h(167): warning C26812: The enum type 'wxFontWeight' is unscoped. Prefer 'enum class' over 'enum' (Enum.3).
E:\CPP Programs\wxwin\include\wx\font.h(175): warning C26812: The enum type 'wxFontStyle' is unscoped. Prefer 'enum class' over 'enum' (Enum.3).
E:\CPP Programs\wxwin\include\wx\font.h(193): warning C26812: The enum type 'wxFontEncoding' is unscoped. Prefer 'enum class' over 'enum' (Enum.3).
E:\CPP Programs\wxwin\include\wx\font.h(449): warning C26812: The enum type 'wxFontSymbolicSize' is unscoped. Prefer 'enum class' over 'enum' (Enum.3).
E:\CPP Programs\wxwin\include\wx\font.h(497): warning C26812: The enum type 'wxDeprecatedGUIConstants' is unscoped. Prefer 'enum class' over 'enum' (Enum.3).
E:\CPP Programs\wxwin\include\wx\region.h(102): warning C26812: The enum type 'wxRegionContain' is unscoped. Prefer 'enum class' over 'enum' (Enum.3).
E:\CPP Programs\wxwin\include\wx\region.h(195): warning C26812: The enum type 'wxRegionOp' is unscoped. Prefer 'enum class' over 'enum' (Enum.3).
E:\CPP Programs\wxwin\include\wx\access.h(245): warning C26812: The enum type 'wxAccStatus' is unscoped. Prefer 'enum class' over 'enum' (Enum.3).
E:\CPP Programs\wxwin\include\wx\access.h(253): warning C26812: The enum type 'wxNavDir' is unscoped. Prefer 'enum class' over 'enum' (Enum.3).
E:\CPP Programs\wxwin\include\wx\access.h(306): warning C26812: The enum type 'wxAccRole' is unscoped. Prefer 'enum class' over 'enum' (Enum.3).
E:\CPP Programs\wxwin\include\wx\access.h(319): warning C26812: The enum type 'wxAccSelectionFlags' is unscoped. Prefer 'enum class' over 'enum' (Enum.3).
E:\CPP Programs\wxwin\include\wx\window.h(146): warning C6011: Dereferencing NULL pointer 'm_node'. 
E:\CPP Programs\wxwin\include\wx\window.h(216): warning C26812: The enum type 'wxWindowVariant' is unscoped. Prefer 'enum class' over 'enum' (Enum.3).
E:\CPP Programs\wxwin\include\wx\window.h(222): warning C26812: The enum type 'wxLayoutDirection' is unscoped. Prefer 'enum class' over 'enum' (Enum.3).
E:\CPP Programs\wxwin\include\wx\window.h(627): warning C26812: The enum type 'wxShowEffect' is unscoped. Prefer 'enum class' over 'enum' (Enum.3).
E:\CPP Programs\wxwin\include\wx\window.h(1176): warning C26812: The enum type 'wxBackgroundStyle' is unscoped. Prefer 'enum class' over 'enum' (Enum.3).
E:\CPP Programs\wxwin\include\wx\window.h(1262): warning C26812: The enum type 'wxHitTest' is unscoped. Prefer 'enum class' over 'enum' (Enum.3).
E:\CPP Programs\wxwin\include\wx\window.h(1276): warning C26812: The enum type 'wxBorder' is unscoped. Prefer 'enum class' over 'enum' (Enum.3).
E:\CPP Programs\wxwin\include\wx\window.h(1598): warning C26812: The enum type 'wxWindowBase::NavigationKind' is unscoped. Prefer 'enum class' over 'enum' (Enum.3).
E:\CPP Programs\wxwin\include\wx\image.h(339): warning C26812: The enum type 'wxImageResizeQuality' is unscoped. Prefer 'enum class' over 'enum' (Enum.3).
E:\CPP Programs\wxwin\include\wx\msw\bitmap.h(94): warning C26812: The enum type 'wxBitmapTransparency' is unscoped. Prefer 'enum class' over 'enum' (Enum.3).
E:\CPP Programs\wxwin\include\wx\brush.h(114): warning C26812: The enum type 'wxBrushStyle' is unscoped. Prefer 'enum class' over 'enum' (Enum.3).
E:\CPP Programs\wxwin\include\wx\pen.h(24): warning C26812: The enum type 'wxPenStyle' is unscoped. Prefer 'enum class' over 'enum' (Enum.3).
E:\CPP Programs\wxwin\include\wx\geometry.h(585): warning C26812: The enum type 'wxOutCode' is unscoped. Prefer 'enum class' over 'enum' (Enum.3).
E:\CPP Programs\wxwin\include\wx\dc.h(405): warning C26812: The enum type 'wxRasterOperationMode' is unscoped. Prefer 'enum class' over 'enum' (Enum.3).
E:\CPP Programs\wxwin\include\wx\dc.h(483): warning C26812: The enum type 'wxMappingMode' is unscoped. Prefer 'enum class' over 'enum' (Enum.3).
E:\CPP Programs\wxwin\include\wx\dc.h(1074): warning C26812: The enum type 'wxFloodFillStyle' is unscoped. Prefer 'enum class' over 'enum' (Enum.3).
E:\CPP Programs\wxwin\include\wx\dc.h(1097): warning C26812: The enum type 'wxDirection' is unscoped. Prefer 'enum class' over 'enum' (Enum.3).
E:\CPP Programs\wxwin\include\wx\dc.h(1153): warning C26812: The enum type 'wxPolygonFillMode' is unscoped. Prefer 'enum class' over 'enum' (Enum.3).
E:\CPP Programs\wxwin\include\wx\anybutton.h(142): warning C26812: The enum type 'wxAnyButtonBase::State' is unscoped. Prefer 'enum class' over 'enum' (Enum.3).
E:\CPP Programs\wxwin\include\wx\menuitem.h(84): warning C26812: The enum type 'wxItemKind' is unscoped. Prefer 'enum class' over 'enum' (Enum.3).
E:\CPP Programs\wxwin\include\wx\menu.h(36): warning C6011: Dereferencing NULL pointer 'm_node'. 
E:\CPP Programs\wxwin\include\wx\menu.h(37): warning C6011: Dereferencing NULL pointer 'm_node'. 
E:\CPP Programs\wxwin\include\wx\dialog.h(178): warning C26812: The enum type 'wxDialogLayoutAdaptationMode' is unscoped. Prefer 'enum class' over 'enum' (Enum.3).
E:\CPP Programs\wxwin\include\wx\dataobj.h(224): warning C26812: The enum type 'wxDataObjectBase::Direction' is unscoped. Prefer 'enum class' over 'enum' (Enum.3).
E:\CPP Programs\wxwin\include\wx\dataobj.h(257): warning C6011: Dereferencing NULL pointer 'm_node'. 
E:\CPP Programs\wxwin\include\wx\ctrlsub.h(110): warning C26812: The enum type 'wxClientDataType' is unscoped. Prefer 'enum class' over 'enum' (Enum.3).
E:\CPP Programs\wxwin\include\wx\checkbox.h(68): warning C26812: The enum type 'wxCheckBoxState' is unscoped. Prefer 'enum class' over 'enum' (Enum.3).
E:\CPP Programs\wxwin\include\wx\statbmp.h(49): warning C26812: The enum type 'wxStaticBitmapBase::ScaleMode' is unscoped. Prefer 'enum class' over 'enum' (Enum.3).
E:\CPP Programs\wxwin\include\wx\textctrl.h(320): warning C26812: The enum type 'wxTextAttrAlignment' is unscoped. Prefer 'enum class' over 'enum' (Enum.3).
E:\CPP Programs\wxwin\include\wx\textctrl.h(331): warning C26812: The enum type 'wxTextAttrUnderlineType' is unscoped. Prefer 'enum class' over 'enum' (Enum.3).
E:\CPP Programs\wxwin\include\wx\textctrl.h(724): warning C26812: The enum type 'wxTextCtrlHitTestResult' is unscoped. Prefer 'enum class' over 'enum' (Enum.3).
E:\CPP Programs\wxwin\include\wx\scrolwin.h(151): warning C26812: The enum type 'wxScrollbarVisibility' is unscoped. Prefer 'enum class' over 'enum' (Enum.3).
E:\CPP Programs\wxwin\include\wx\tbarbase.h(79): warning C26812: The enum type 'wxToolBarToolStyle' is unscoped. Prefer 'enum class' over 'enum' (Enum.3).
E:\CPP Programs\wxwin\include\wx\tbarbase.h(272): warning C6011: Dereferencing NULL pointer 'm_node'. 
E:\CPP Programs\wxwin\include\wx\layout.h(101): warning C26812: The enum type 'wxRelationship' is unscoped. Prefer 'enum class' over 'enum' (Enum.3).
E:\CPP Programs\wxwin\include\wx\layout.h(112): warning C26812: The enum type 'wxEdge' is unscoped. Prefer 'enum class' over 'enum' (Enum.3).
E:\CPP Programs\wxwin\include\wx\sizer.h(165): warning C26451: Arithmetic overflow: Using operator '*' on a 4 byte value and then casting the result to a 8 byte value. Cast the value to the wider type before calling operator '*' to avoid overflow (io.2).
E:\CPP Programs\wxwin\include\wx\sizer.h(176): warning C26451: Arithmetic overflow: Using operator '*' on a 4 byte value and then casting the result to a 8 byte value. Cast the value to the wider type before calling operator '*' to avoid overflow (io.2).
E:\CPP Programs\wxwin\include\wx\sizer.h(196): warning C26451: Arithmetic overflow: Using operator '*' on a 4 byte value and then casting the result to a 8 byte value. Cast the value to the wider type before calling operator '*' to avoid overflow (io.2).
E:\CPP Programs\wxwin\include\wx\sizer.h(442): warning C26812: The enum type 'wxSizerItem::<unnamed-type-m_kind>' is unscoped. Prefer 'enum class' over 'enum' (Enum.3).
E:\CPP Programs\wxwin\include\wx\sizer.h(497): warning C6011: Dereferencing NULL pointer 'm_node'. 
E:\CPP Programs\wxwin\include\wx\sizer.h(909): warning C26812: The enum type 'wxFlexSizerGrowMode' is unscoped. Prefer 'enum class' over 'enum' (Enum.3).
E:\CPP Programs\wxwin\include\wx\valtext.h(106): warning C26812: The enum type 'wxTextValidatorStyle' is unscoped. Prefer 'enum class' over 'enum' (Enum.3).
E:\CPP Programs\wxwin\include\wx\mdi.h(103): warning C26812: The enum type 'wxOrientation' is unscoped. Prefer 'enum class' over 'enum' (Enum.3).
D:\gihub\GTerm-Music-Player\gApp.cpp(3): warning C28251: Inconsistent annotation for 'WinMain': this instance has no annotations. See c:\program files (x86)\windows kits\10\include\10.0.19041.0\um\winbase.h(1006). 
E:\CPP Programs\wxwin\include\wx\peninfobase.h(110): warning C26812: The enum type 'wxPenJoin' is unscoped. Prefer 'enum class' over 'enum' (Enum.3).
E:\CPP Programs\wxwin\include\wx\peninfobase.h(111): warning C26812: The enum type 'wxPenCap' is unscoped. Prefer 'enum class' over 'enum' (Enum.3).
